#
# A fatal error has been detected by the Java Runtime Environment:
#
#  EXCEPTION_ACCESS_VIOLATION (0xc0000005) at pc=0x0000000059bfaa80, pid=11844, tid=3268
#
# JRE version: Java(TM) SE Runtime Environment (8.0_65-b17) (build 1.8.0_65-b17)
# Java VM: Java HotSpot(TM) 64-Bit Server VM (25.65-b01 mixed mode windows-amd64 compressed oops)
# Problematic frame:
# V  [jvm.dll+0x49aa80]
#
# Failed to write core dump. Minidumps are not enabled by default on client versions of Windows
#
# If you would like to submit a bug report, please visit:
#   http://bugreport.java.com/bugreport/crash.jsp
#

---------------  T H R E A D  ---------------

Current thread (0x000000001721d800):  JavaThread "C2 CompilerThread1" daemon [_thread_in_native, id=3268, stack(0x0000000018b50000,0x0000000018c50000)]

siginfo: ExceptionCode=0xc0000005, reading address 0x0000000159f6ace8

Registers:
RAX=0x0000000000000000, RBX=0x000000001f7d5f90, RCX=0x0000000159f6ace8, RDX=0x0000000000000000
RSP=0x0000000018c4c160, RBP=0x0000000000000049, RSI=0x0000000000000248, RDI=0x0000000018c4c1b0
R8 =0x0000000000080000, R9 =0x0000000021d1ebc0, R10=0x0000000059760000, R11=0x0000000018c4c080
R12=0x0000000059f6ace8, R13=0x0000000059760000, R14=0x000000001724c828, R15=0x00000000000003d8
RIP=0x0000000059bfaa80, EFLAGS=0x0000000000010246

Top of Stack: (sp=0x0000000018c4c160)
0x0000000018c4c160:   0000000018c4e900 000000001f69eeb0
0x0000000018c4c170:   fffffffffffffff8 0000000017201b30
0x0000000018c4c180:   0000000000002cb3 0000000059bf5b4f
0x0000000018c4c190:   000000001f7d26b0 000000001f7d5f90
0x0000000018c4c1a0:   0000000000002cb3 0000000018c4c290
0x0000000018c4c1b0:   00002cb700000000 0000000000000006
0x0000000018c4c1c0:   0000000159f6ace8 000000000000002d
0x0000000018c4c1d0:   000000001f0deb60 0000000000000067
0x0000000018c4c1e0:   000000001f7d6030 0000000018c4c580
0x0000000018c4c1f0:   000000001724c450 0000000018c4c580
0x0000000018c4c200:   000000001724c440 0000000059bc2681
0x0000000018c4c210:   0000000000000000 0000000018c4c310
0x0000000018c4c220:   0000000000000000 0000000000000009
0x0000000018c4c230:   0000000000000002 000000001724c440
0x0000000018c4c240:   0000000022577c10 000000002257af20
0x0000000018c4c250:   000000002257fbf8 000000000270e148 

Instructions: (pc=0x0000000059bfaa80)
0x0000000059bfaa60:   48 8b 4f 20 48 39 04 0e 0f 84 9d 00 00 00 48 8b
0x0000000059bfaa70:   0c 0e 33 d2 33 c0 48 89 4f 10 66 0f 1f 44 00 00
0x0000000059bfaa80:   83 3c 08 00 0f 85 36 01 00 00 ff c2 48 83 c0 04
0x0000000059bfaa90:   83 fa 08 72 eb 48 8b 47 30 48 89 44 24 30 48 85 


Register to memory mapping:

RAX=0x0000000000000000 is an unknown value
RBX=0x000000001f7d5f90 is an unknown value
RCX=0x0000000159f6ace8 is an unknown value
RDX=0x0000000000000000 is an unknown value
RSP=0x0000000018c4c160 is pointing into the stack for thread: 0x000000001721d800
RBP=0x0000000000000049 is an unknown value
RSI=0x0000000000000248 is an unknown value
RDI=0x0000000018c4c1b0 is pointing into the stack for thread: 0x000000001721d800
R8 =0x0000000000080000 is an unknown value
R9 =0x0000000021d1ebc0 is an unknown value
R10=0x0000000059760000 is an unknown value
R11=0x0000000018c4c080 is pointing into the stack for thread: 0x000000001721d800
R12=0x0000000059f6ace8 is an unknown value
R13=0x0000000059760000 is an unknown value
R14=0x000000001724c828 is an unknown value
R15=0x00000000000003d8 is an unknown value


Stack: [0x0000000018b50000,0x0000000018c50000],  sp=0x0000000018c4c160,  free space=1008k
Native frames: (J=compiled Java code, j=interpreted, Vv=VM code, C=native code)
V  [jvm.dll+0x49aa80]
V  [jvm.dll+0x495b4f]
V  [jvm.dll+0x462681]
V  [jvm.dll+0x46d52b]
V  [jvm.dll+0x46fb42]
V  [jvm.dll+0x452cc2]
V  [jvm.dll+0xa4672]
V  [jvm.dll+0xa4faf]
V  [jvm.dll+0x243144]
V  [jvm.dll+0x299f7a]
C  [msvcr100.dll+0x21d9f]
C  [msvcr100.dll+0x21e3b]
C  [KERNEL32.DLL+0x18102]
C  [ntdll.dll+0x5c2e4]


Current CompileTask:
C2:   6578 2450   !   4       java.net.URLClassLoader$1::run (63 bytes)


---------------  P R O C E S S  ---------------

Java Threads: ( => current thread )
  0x000000001d337000 JavaThread "localhost-startStop-1" daemon [_thread_in_Java, id=12152, stack(0x000000001f510000,0x000000001f610000)]
  0x000000001c852000 JavaThread "Tomcat-startStop-1" daemon [_thread_blocked, id=12024, stack(0x000000001af10000,0x000000001b010000)]
  0x0000000018da6800 JavaThread "Service Thread" daemon [_thread_blocked, id=4808, stack(0x0000000019150000,0x0000000019250000)]
  0x0000000017220000 JavaThread "C1 CompilerThread2" daemon [_thread_in_native, id=1168, stack(0x0000000018c50000,0x0000000018d50000)]
=>0x000000001721d800 JavaThread "C2 CompilerThread1" daemon [_thread_in_native, id=3268, stack(0x0000000018b50000,0x0000000018c50000)]
  0x0000000017224800 JavaThread "C2 CompilerThread0" daemon [_thread_in_native, id=11480, stack(0x0000000018a50000,0x0000000018b50000)]
  0x000000001720b000 JavaThread "JDWP Command Reader" daemon [_thread_in_native, id=7188, stack(0x0000000018950000,0x0000000018a50000)]
  0x0000000017207800 JavaThread "JDWP Event Helper Thread" daemon [_thread_blocked, id=7756, stack(0x0000000018850000,0x0000000018950000)]
  0x00000000171fc000 JavaThread "JDWP Transport Listener: dt_socket" daemon [_thread_blocked, id=8480, stack(0x0000000018750000,0x0000000018850000)]
  0x00000000171f1800 JavaThread "Attach Listener" daemon [_thread_blocked, id=10112, stack(0x0000000018650000,0x0000000018750000)]
  0x00000000171f0000 JavaThread "Signal Dispatcher" daemon [_thread_blocked, id=11472, stack(0x0000000018550000,0x0000000018650000)]
  0x000000000120a000 JavaThread "Finalizer" daemon [_thread_blocked, id=5416, stack(0x0000000018450000,0x0000000018550000)]
  0x0000000001201000 JavaThread "Reference Handler" daemon [_thread_blocked, id=8588, stack(0x0000000018350000,0x0000000018450000)]
  0x0000000001113800 JavaThread "main" [_thread_blocked, id=5812, stack(0x0000000001010000,0x0000000001110000)]

Other Threads:
  0x00000000171b7800 VMThread [stack: 0x0000000018250000,0x0000000018350000] [id=11544]
  0x0000000018dc0800 WatcherThread [stack: 0x0000000019250000,0x0000000019350000] [id=8096]

VM state:not at safepoint (normal execution)

VM Mutex/Monitor currently owned by a thread:  ([mutex/lock_event])
[0x0000000000f0eb60] CodeCache_lock - owner thread: 0x0000000000000000
[0x0000000001111d60] CompiledIC_lock - owner thread: 0x0000000017220000

Heap:
 PSYoungGen      total 143872K, used 49979K [0x00000000d5d00000, 0x00000000df600000, 0x0000000100000000)
  eden space 132608K, 37% used [0x00000000d5d00000,0x00000000d8dcedd0,0x00000000dde80000)
  from space 11264K, 0% used [0x00000000dea00000,0x00000000dea00000,0x00000000df500000)
  to   space 11776K, 0% used [0x00000000dde80000,0x00000000dde80000,0x00000000dea00000)
 ParOldGen       total 55296K, used 9536K [0x0000000081600000, 0x0000000084c00000, 0x00000000d5d00000)
  object space 55296K, 17% used [0x0000000081600000,0x0000000081f50278,0x0000000084c00000)
 Metaspace       used 24994K, capacity 25182K, committed 25344K, reserved 1071104K
  class space    used 3023K, capacity 3068K, committed 3072K, reserved 1048576K

Card table byte_map: [0x00000000015d0000,0x00000000019d0000] byte_map_base: 0x00000000011c5000

Marking Bits: (ParMarkBitMap*) 0x0000000059f6a5b0
 Begin Bits: [0x0000000012500000, 0x00000000144a8000)
 End Bits:   [0x00000000144a8000, 0x0000000016450000)

Polling page: 0x0000000000420000

CodeCache: size=245760Kb used=10504Kb max_used=10552Kb free=235255Kb
 bounds [0x0000000003400000, 0x0000000003e60000, 0x0000000012400000]
 total_blobs=3077 nmethods=2699 adapters=298
 compilation: enabled

Compilation events (10 events):
Event: 6.533 Thread 0x0000000017220000 2737       2       java.util.concurrent.locks.ReentrantReadWriteLock$Sync::tryReleaseShared (147 bytes)
Event: 6.534 Thread 0x0000000017220000 nmethod 2737 0x0000000003e54350 code [0x0000000003e54500, 0x0000000003e54a08]
Event: 6.534 Thread 0x0000000017220000 2738       2       java.util.concurrent.locks.AbstractQueuedSynchronizer::doReleaseShared (79 bytes)
Event: 6.535 Thread 0x0000000017220000 nmethod 2738 0x0000000003e54f90 code [0x0000000003e55100, 0x0000000003e55448]
Event: 6.544 Thread 0x0000000017220000 2739       2       java.lang.ThreadLocal$ThreadLocalMap::access$100 (7 bytes)
Event: 6.544 Thread 0x0000000017220000 nmethod 2739 0x00000000035201d0 code [0x0000000003520340, 0x00000000035204a8]
Event: 6.545 Thread 0x0000000017220000 2740       2       java.lang.ThreadLocal$ThreadLocalMap::set (136 bytes)
Event: 6.546 Thread 0x0000000017220000 nmethod 2740 0x000000000351e110 code [0x000000000351e2c0, 0x000000000351e808]
Event: 6.546 Thread 0x0000000017220000 2741       2       ch.qos.logback.core.pattern.FormattingConverter::write (154 bytes)
Event: 6.547 Thread 0x0000000017220000 nmethod 2741 0x0000000003512a50 code [0x0000000003512c60, 0x0000000003513158]

GC Heap History (10 events):
Event: 3.003 GC heap before
{Heap before GC invocations=3 (full 0):
 PSYoungGen      total 38400K, used 38393K [0x00000000d5d00000, 0x00000000da800000, 0x0000000100000000)
  eden space 33280K, 100% used [0x00000000d5d00000,0x00000000d7d80000,0x00000000d7d80000)
  from space 5120K, 99% used [0x00000000d8280000,0x00000000d877e6e0,0x00000000d8780000)
  to   space 5120K, 0% used [0x00000000d7d80000,0x00000000d7d80000,0x00000000d8280000)
 ParOldGen       total 87552K, used 8086K [0x0000000081600000, 0x0000000086b80000, 0x00000000d5d00000)
  object space 87552K, 9% used [0x0000000081600000,0x0000000081de5a00,0x0000000086b80000)
 Metaspace       used 17264K, capacity 17416K, committed 17536K, reserved 1064960K
  class space    used 2087K, capacity 2131K, committed 2176K, reserved 1048576K
Event: 3.016 GC heap after
Heap after GC invocations=3 (full 0):
 PSYoungGen      total 38400K, used 5113K [0x00000000d5d00000, 0x00000000da800000, 0x0000000100000000)
  eden space 33280K, 0% used [0x00000000d5d00000,0x00000000d5d00000,0x00000000d7d80000)
  from space 5120K, 99% used [0x00000000d7d80000,0x00000000d827e6d0,0x00000000d8280000)
  to   space 5120K, 0% used [0x00000000da300000,0x00000000da300000,0x00000000da800000)
 ParOldGen       total 87552K, used 11029K [0x0000000081600000, 0x0000000086b80000, 0x00000000d5d00000)
  object space 87552K, 12% used [0x0000000081600000,0x00000000820c5530,0x0000000086b80000)
 Metaspace       used 17264K, capacity 17416K, committed 17536K, reserved 1064960K
  class space    used 2087K, capacity 2131K, committed 2176K, reserved 1048576K
}
Event: 3.586 GC heap before
{Heap before GC invocations=4 (full 0):
 PSYoungGen      total 38400K, used 38393K [0x00000000d5d00000, 0x00000000da800000, 0x0000000100000000)
  eden space 33280K, 100% used [0x00000000d5d00000,0x00000000d7d80000,0x00000000d7d80000)
  from space 5120K, 99% used [0x00000000d7d80000,0x00000000d827e6d0,0x00000000d8280000)
  to   space 5120K, 0% used [0x00000000da300000,0x00000000da300000,0x00000000da800000)
 ParOldGen       total 87552K, used 11029K [0x0000000081600000, 0x0000000086b80000, 0x00000000d5d00000)
  object space 87552K, 12% used [0x0000000081600000,0x00000000820c5530,0x0000000086b80000)
 Metaspace       used 17397K, capacity 17576K, committed 17792K, reserved 1064960K
  class space    used 2095K, capacity 2163K, committed 2176K, reserved 1048576K
Event: 3.594 GC heap after
Heap after GC invocations=4 (full 0):
 PSYoungGen      total 71680K, used 5118K [0x00000000d5d00000, 0x00000000da800000, 0x0000000100000000)
  eden space 66560K, 0% used [0x00000000d5d00000,0x00000000d5d00000,0x00000000d9e00000)
  from space 5120K, 99% used [0x00000000da300000,0x00000000da7ffab0,0x00000000da800000)
  to   space 5120K, 0% used [0x00000000d9e00000,0x00000000d9e00000,0x00000000da300000)
 ParOldGen       total 87552K, used 11224K [0x0000000081600000, 0x0000000086b80000, 0x00000000d5d00000)
  object space 87552K, 12% used [0x0000000081600000,0x00000000820f6150,0x0000000086b80000)
 Metaspace       used 17397K, capacity 17576K, committed 17792K, reserved 1064960K
  class space    used 2095K, capacity 2163K, committed 2176K, reserved 1048576K
}
Event: 5.224 GC heap before
{Heap before GC invocations=5 (full 0):
 PSYoungGen      total 71680K, used 71678K [0x00000000d5d00000, 0x00000000da800000, 0x0000000100000000)
  eden space 66560K, 100% used [0x00000000d5d00000,0x00000000d9e00000,0x00000000d9e00000)
  from space 5120K, 99% used [0x00000000da300000,0x00000000da7ffab0,0x00000000da800000)
  to   space 5120K, 0% used [0x00000000d9e00000,0x00000000d9e00000,0x00000000da300000)
 ParOldGen       total 87552K, used 11224K [0x0000000081600000, 0x0000000086b80000, 0x00000000d5d00000)
  object space 87552K, 12% used [0x0000000081600000,0x00000000820f6150,0x0000000086b80000)
 Metaspace       used 20685K, capacity 20888K, committed 20992K, reserved 1067008K
  class space    used 2521K, capacity 2555K, committed 2560K, reserved 1048576K
Event: 5.239 GC heap after
Heap after GC invocations=5 (full 0):
 PSYoungGen      total 71680K, used 5116K [0x00000000d5d00000, 0x00000000df500000, 0x0000000100000000)
  eden space 66560K, 0% used [0x00000000d5d00000,0x00000000d5d00000,0x00000000d9e00000)
  from space 5120K, 99% used [0x00000000d9e00000,0x00000000da2ff350,0x00000000da300000)
  to   space 11264K, 0% used [0x00000000dea00000,0x00000000dea00000,0x00000000df500000)
 ParOldGen       total 87552K, used 15259K [0x0000000081600000, 0x0000000086b80000, 0x00000000d5d00000)
  object space 87552K, 17% used [0x0000000081600000,0x00000000824e6cc0,0x0000000086b80000)
 Metaspace       used 20685K, capacity 20888K, committed 20992K, reserved 1067008K
  class space    used 2521K, capacity 2555K, committed 2560K, reserved 1048576K
}
Event: 5.293 GC heap before
{Heap before GC invocations=6 (full 0):
 PSYoungGen      total 71680K, used 7492K [0x00000000d5d00000, 0x00000000df500000, 0x0000000100000000)
  eden space 66560K, 3% used [0x00000000d5d00000,0x00000000d5f51df8,0x00000000d9e00000)
  from space 5120K, 99% used [0x00000000d9e00000,0x00000000da2ff350,0x00000000da300000)
  to   space 11264K, 0% used [0x00000000dea00000,0x00000000dea00000,0x00000000df500000)
 ParOldGen       total 87552K, used 15259K [0x0000000081600000, 0x0000000086b80000, 0x00000000d5d00000)
  object space 87552K, 17% used [0x0000000081600000,0x00000000824e6cc0,0x0000000086b80000)
 Metaspace       used 20878K, capacity 21048K, committed 21296K, reserved 1069056K
  class space    used 2545K, capacity 2587K, committed 2688K, reserved 1048576K
Event: 5.305 GC heap after
Heap after GC invocations=6 (full 0):
 PSYoungGen      total 143872K, used 5372K [0x00000000d5d00000, 0x00000000df600000, 0x0000000100000000)
  eden space 132608K, 0% used [0x00000000d5d00000,0x00000000d5d00000,0x00000000dde80000)
  from space 11264K, 47% used [0x00000000dea00000,0x00000000def3f350,0x00000000df500000)
  to   space 11776K, 0% used [0x00000000dde80000,0x00000000dde80000,0x00000000dea00000)
 ParOldGen       total 87552K, used 15267K [0x0000000081600000, 0x0000000086b80000, 0x00000000d5d00000)
  object space 87552K, 17% used [0x0000000081600000,0x00000000824e8cc0,0x0000000086b80000)
 Metaspace       used 20878K, capacity 21048K, committed 21296K, reserved 1069056K
  class space    used 2545K, capacity 2587K, committed 2688K, reserved 1048576K
}
Event: 5.305 GC heap before
{Heap before GC invocations=7 (full 1):
 PSYoungGen      total 143872K, used 5372K [0x00000000d5d00000, 0x00000000df600000, 0x0000000100000000)
  eden space 132608K, 0% used [0x00000000d5d00000,0x00000000d5d00000,0x00000000dde80000)
  from space 11264K, 47% used [0x00000000dea00000,0x00000000def3f350,0x00000000df500000)
  to   space 11776K, 0% used [0x00000000dde80000,0x00000000dde80000,0x00000000dea00000)
 ParOldGen       total 87552K, used 15267K [0x0000000081600000, 0x0000000086b80000, 0x00000000d5d00000)
  object space 87552K, 17% used [0x0000000081600000,0x00000000824e8cc0,0x0000000086b80000)
 Metaspace       used 20878K, capacity 21048K, committed 21296K, reserved 1069056K
  class space    used 2545K, capacity 2587K, committed 2688K, reserved 1048576K
Event: 5.360 GC heap after
Heap after GC invocations=7 (full 1):
 PSYoungGen      total 143872K, used 0K [0x00000000d5d00000, 0x00000000df600000, 0x0000000100000000)
  eden space 132608K, 0% used [0x00000000d5d00000,0x00000000d5d00000,0x00000000dde80000)
  from space 11264K, 0% used [0x00000000dea00000,0x00000000dea00000,0x00000000df500000)
  to   space 11776K, 0% used [0x00000000dde80000,0x00000000dde80000,0x00000000dea00000)
 ParOldGen       total 55296K, used 9536K [0x0000000081600000, 0x0000000084c00000, 0x00000000d5d00000)
  object space 55296K, 17% used [0x0000000081600000,0x0000000081f50278,0x0000000084c00000)
 Metaspace       used 20878K, capacity 21048K, committed 21296K, reserved 1069056K
  class space    used 2545K, capacity 2587K, committed 2688K, reserved 1048576K
}

Deoptimization events (10 events):
Event: 5.508 Thread 0x0000000001113800 Uncommon trap: reason=array_check action=maybe_recompile pc=0x0000000003d505d8 method=java.util.AbstractCollection.toArray([Ljava/lang/Object;)[Ljava/lang/Object; @ 119
Event: 5.509 Thread 0x0000000001113800 Uncommon trap: reason=array_check action=maybe_recompile pc=0x0000000003d505d8 method=java.util.AbstractCollection.toArray([Ljava/lang/Object;)[Ljava/lang/Object; @ 119
Event: 5.510 Thread 0x0000000001113800 Uncommon trap: reason=array_check action=maybe_recompile pc=0x0000000003d505d8 method=java.util.AbstractCollection.toArray([Ljava/lang/Object;)[Ljava/lang/Object; @ 119
Event: 5.801 Thread 0x0000000001113800 Uncommon trap: reason=unstable_if action=reinterpret pc=0x00000000039fde08 method=java.util.concurrent.ConcurrentHashMap.get(Ljava/lang/Object;)Ljava/lang/Object; @ 152
Event: 6.069 Thread 0x0000000001113800 Uncommon trap: reason=unstable_if action=reinterpret pc=0x000000000354bc8c method=sun.nio.cs.UTF_8$Encoder.encode([CII[B)I @ 33
Event: 6.269 Thread 0x0000000001113800 Uncommon trap: reason=unstable_if action=reinterpret pc=0x000000000371a230 method=java.util.HashMap.hash(Ljava/lang/Object;)I @ 1
Event: 6.470 Thread 0x000000001d337000 Uncommon trap: reason=class_check action=maybe_recompile pc=0x0000000003ce0db8 method=java.util.zip.InflaterInputStream.read([BII)I @ 100
Event: 6.470 Thread 0x000000001d337000 Uncommon trap: reason=class_check action=maybe_recompile pc=0x0000000003ce0db8 method=java.util.zip.InflaterInputStream.read([BII)I @ 100
Event: 6.471 Thread 0x000000001d337000 Uncommon trap: reason=class_check action=maybe_recompile pc=0x0000000003ce0db8 method=java.util.zip.InflaterInputStream.read([BII)I @ 100
Event: 6.471 Thread 0x000000001d337000 Uncommon trap: reason=class_check action=maybe_recompile pc=0x0000000003ce0db8 method=java.util.zip.InflaterInputStream.read([BII)I @ 100

Internal exceptions (10 events):
Event: 5.707 Thread 0x0000000001113800 Exception <a 'java/lang/ClassNotFoundException': org/springframework/boot/autoconfigure/web/ServerPropertiesAutoConfiguration$$EnhancerBySpringCGLIB$$37e7f438Customizer> (0x00000000d707e7c0) thrown at [C:\workspace\8-2-build-windows-amd64-cygwin\jdk8u65\49ˇ>‚à
@
Event: 5.760 Thread 0x0000000001113800 Exception <a 'java/lang/ClassNotFoundException': java/lang/ObjectCustomizer> (0x00000000d71bfa70) thrown at [C:\workspace\8-2-build-windows-amd64-cygwin\jdk8u65\4987\hotspot\src\share\vm\classfile\systemDictionary.cpp, line 210]
Event: 5.762 Thread 0x0000000001113800 Exception <a 'java/lang/ClassNotFoundException': org/springframework/boot/autoconfigure/web/ServerPropertiesCustomizer> (0x00000000d71d4380) thrown at [C:\workspace\8-2-build-windows-amd64-cygwin\jdk8u65\4987\hotspot\src\share\vm\classfile\systemDictionary9;±ß‰n@
Event: 5.858 Thread 0x0000000001113800 Exception <a 'java/lang/ClassNotFoundException': java/lang/ObjectCustomizer> (0x00000000d75ab4a8) thrown at [C:\workspace\8-2-build-windows-amd64-cygwin\jdk8u65\4987\hotspot\src\share\vm\classfile\systemDictionary.cpp, line 210]
Event: 5.859 Thread 0x0000000001113800 Exception <a 'java/lang/ClassNotFoundException': org/hibernate/validator/internal/constraintvalidators/bv/NotNullValidatorCustomizer> (0x00000000d75c2cd8) thrown at [C:\workspace\8-2-build-windows-amd64-cygwin\jdk8u65\4987\hotspot\src\share\vm\classfile\sy
Event: 5.883 Thread 0x0000000001113800 Exception <a 'java/lang/ClassNotFoundException': java/lang/ObjectCustomizer> (0x00000000d76f0368) thrown at [C:\workspace\8-2-build-windows-amd64-cygwin\jdk8u65\4987\hotspot\src\share\vm\classfile\systemDictionary.cpp, line 210]
Event: 5.884 Thread 0x0000000001113800 Exception <a 'java/lang/ClassNotFoundException': org/springframework/boot/autoconfigure/web/ErrorMvcAutoConfiguration$ErrorPageCustomizerCustomizer> (0x00000000d77087a0) thrown at [C:\workspace\8-2-build-windows-amd64-cygwin\jdk8u65\4987\hotspot\src\share\™Õ˝Òç@
Event: 5.889 Thread 0x0000000001113800 Exception <a 'java/lang/ClassNotFoundException': java/lang/ObjectCustomizer> (0x00000000d771a670) thrown at [C:\workspace\8-2-build-windows-amd64-cygwin\jdk8u65\4987\hotspot\src\share\vm\classfile\systemDictionary.cpp, line 210]
Event: 5.890 Thread 0x0000000001113800 Exception <a 'java/lang/ClassNotFoundException': org/springframework/boot/autoconfigure/web/ServerPropertiesAutoConfiguration$DuplicateServerPropertiesDetectorCustomizer> (0x00000000d7736730) thrown at [C:\workspace\8-2-build-windows-amd64-cygwin\jdk8u65\4Tô∞Ç@
Event: 6.269 Thread 0x0000000001113800 Implicit null exception at 0x000000000371a198 to 0x000000000371a226

Events (10 events):
Event: 6.557 Executing VM operation: RevokeBias done
Event: 6.557 Executing VM operation: RevokeBias
Event: 6.557 Executing VM operation: RevokeBias done
Event: 6.557 Executing VM operation: RevokeBias
Event: 6.557 Executing VM operation: RevokeBias done
Event: 6.557 Executing VM operation: RevokeBias
Event: 6.557 Executing VM operation: RevokeBias done
Event: 6.557 Executing VM operation: RevokeBias
Event: 6.558 Executing VM operation: RevokeBias done
Event: 6.558 Executing VM operation: RevokeBias


Dynamic libraries:
0x00007ff668080000 - 0x00007ff6680b7000 	C:\Program Files\Java\jdk1.8.0_65\bin\java.exe
0x00007ffb37a40000 - 0x00007ffb37c01000 	C:\Windows\SYSTEM32\ntdll.dll
0x00007ffb35a60000 - 0x00007ffb35b0d000 	C:\Windows\system32\KERNEL32.DLL
0x00007ffb34b70000 - 0x00007ffb34d58000 	C:\Windows\system32\KERNELBASE.dll
0x00007ffb34e40000 - 0x00007ffb34ee7000 	C:\Windows\system32\ADVAPI32.dll
0x00007ffb35740000 - 0x00007ffb357dd000 	C:\Windows\system32\msvcrt.dll
0x00007ffb373e0000 - 0x00007ffb3743b000 	C:\Windows\system32\sechost.dll
0x00007ffb35620000 - 0x00007ffb3573c000 	C:\Windows\system32\RPCRT4.dll
0x00007ffb358c0000 - 0x00007ffb35a16000 	C:\Windows\system32\USER32.dll
0x00007ffb353c0000 - 0x00007ffb35546000 	C:\Windows\system32\GDI32.dll
0x00007ffb27a30000 - 0x00007ffb27ca4000 	C:\Windows\WinSxS\amd64_microsoft.windows.common-controls_6595b64144ccf1df_6.0.10586.0_none_8c15ae12515e1c22\COMCTL32.dll
0x00007ffb35c00000 - 0x00007ffb35e7d000 	C:\Windows\system32\combase.dll
0x00007ffb34ae0000 - 0x00007ffb34b4a000 	C:\Windows\system32\bcryptPrimitives.dll
0x00007ffb35a20000 - 0x00007ffb35a5b000 	C:\Windows\system32\IMM32.DLL
0x0000000059ff0000 - 0x000000005a0c2000 	C:\Program Files\Java\jdk1.8.0_65\jre\bin\msvcr100.dll
0x0000000059760000 - 0x0000000059fe9000 	C:\Program Files\Java\jdk1.8.0_65\jre\bin\server\jvm.dll
0x00007ffb358b0000 - 0x00007ffb358b8000 	C:\Windows\system32\PSAPI.DLL
0x00007ffb32210000 - 0x00007ffb32219000 	C:\Windows\SYSTEM32\WSOCK32.dll
0x00007ffb322e0000 - 0x00007ffb32303000 	C:\Windows\SYSTEM32\WINMM.dll
0x00007ffb30280000 - 0x00007ffb3028a000 	C:\Windows\SYSTEM32\VERSION.dll
0x00007ffb32280000 - 0x00007ffb322ac000 	C:\Windows\SYSTEM32\WINMMBASE.dll
0x00007ffb35840000 - 0x00007ffb358ab000 	C:\Windows\system32\WS2_32.dll
0x00007ffb34df0000 - 0x00007ffb34e33000 	C:\Windows\system32\cfgmgr32.dll
0x0000000059750000 - 0x000000005975f000 	C:\Program Files\Java\jdk1.8.0_65\jre\bin\verify.dll
0x0000000059720000 - 0x0000000059749000 	C:\Program Files\Java\jdk1.8.0_65\jre\bin\java.dll
0x00000000596e0000 - 0x0000000059715000 	C:\Program Files\Java\jdk1.8.0_65\jre\bin\jdwp.dll
0x00000000596d0000 - 0x00000000596d8000 	C:\Program Files\Java\jdk1.8.0_65\jre\bin\npt.dll
0x00000000596b0000 - 0x00000000596c6000 	C:\Program Files\Java\jdk1.8.0_65\jre\bin\zip.dll
0x00007ffb35e80000 - 0x00007ffb373df000 	C:\Windows\system32\SHELL32.dll
0x00007ffb341a0000 - 0x00007ffb347e4000 	C:\Windows\system32\windows.storage.dll
0x00007ffb357e0000 - 0x00007ffb35832000 	C:\Windows\system32\shlwapi.dll
0x00007ffb34090000 - 0x00007ffb3409f000 	C:\Windows\system32\kernel.appcore.dll
0x00007ffb347f0000 - 0x00007ffb348a5000 	C:\Windows\system32\shcore.dll
0x00007ffb340a0000 - 0x00007ffb340eb000 	C:\Windows\system32\powrprof.dll
0x00007ffb34060000 - 0x00007ffb34074000 	C:\Windows\system32\profapi.dll
0x0000000059590000 - 0x0000000059599000 	C:\Program Files\Java\jdk1.8.0_65\jre\bin\dt_socket.dll
0x00007ffb33930000 - 0x00007ffb3398c000 	C:\Windows\system32\mswsock.dll
0x00000000596a0000 - 0x00000000596ad000 	C:\Program Files\Java\jdk1.8.0_65\jre\bin\management.dll
0x0000000059680000 - 0x000000005969a000 	C:\Program Files\Java\jdk1.8.0_65\jre\bin\net.dll
0x00007ffb289a0000 - 0x00007ffb289b6000 	C:\Windows\system32\napinsp.dll
0x00007ffb289c0000 - 0x00007ffb289da000 	C:\Windows\system32\pnrpnsp.dll
0x00007ffb31550000 - 0x00007ffb31568000 	C:\Windows\system32\NLAapi.dll
0x00007ffb32a80000 - 0x00007ffb32b2a000 	C:\Windows\SYSTEM32\DNSAPI.dll
0x00007ffb35be0000 - 0x00007ffb35be8000 	C:\Windows\system32\NSI.dll
0x00007ffb289e0000 - 0x00007ffb289ed000 	C:\Windows\System32\winrnr.dll
0x00007ffb29ce0000 - 0x00007ffb29cf5000 	C:\Windows\System32\wshbth.dll
0x00007ffb2d8f0000 - 0x00007ffb2d8fa000 	C:\Windows\System32\rasadhlp.dll
0x00007ffb30590000 - 0x00007ffb305c8000 	C:\Windows\SYSTEM32\IPHLPAPI.DLL
0x00007ffb2e320000 - 0x00007ffb2e387000 	C:\Windows\System32\fwpuclnt.dll
0x00007ffb33f90000 - 0x00007ffb33fb9000 	C:\Windows\SYSTEM32\bcrypt.dll
0x0000000059660000 - 0x0000000059671000 	C:\Program Files\Java\jdk1.8.0_65\jre\bin\nio.dll
0x00007ffb339e0000 - 0x00007ffb339f7000 	C:\Windows\SYSTEM32\CRYPTSP.dll
0x00007ffb33670000 - 0x00007ffb336a4000 	C:\Windows\system32\rsaenh.dll
0x00007ffb337c0000 - 0x00007ffb337df000 	C:\Windows\SYSTEM32\USERENV.dll
0x00007ffb33b60000 - 0x00007ffb33b6b000 	C:\Windows\SYSTEM32\CRYPTBASE.dll
0x00007ffb30480000 - 0x00007ffb30496000 	C:\Windows\SYSTEM32\dhcpcsvc6.DLL
0x00007ffb30460000 - 0x00007ffb3047a000 	C:\Windows\SYSTEM32\dhcpcsvc.DLL
0x00007ffb1db40000 - 0x00007ffb1dccc000 	C:\Windows\SYSTEM32\dbghelp.dll

VM Arguments:
jvm_args: -agentlib:jdwp=transport=dt_socket,address=127.0.0.1:51133,suspend=y,server=n -Dfile.encoding=UTF-8 
java_command: com.skywell.config.SockApplication --spring.output.ansi.enabled=always
java_class_path (initial): C:\Program Files\Java\jdk1.8.0_65\jre\lib\charsets.jar;C:\Program Files\Java\jdk1.8.0_65\jre\lib\deploy.jar;C:\Program Files\Java\jdk1.8.0_65\jre\lib\ext\access-bridge-64.jar;C:\Program Files\Java\jdk1.8.0_65\jre\lib\ext\cldrdata.jar;C:\Program Files\Java\jdk1.8.0_65\jre\lib\ext\dnsns.jar;C:\Program Files\Java\jdk1.8.0_65\jre\lib\ext\jaccess.jar;C:\Program Files\Java\jdk1.8.0_65\jre\lib\ext\jfxrt.jar;C:\Program Files\Java\jdk1.8.0_65\jre\lib\ext\localedata.jar;C:\Program Files\Java\jdk1.8.0_65\jre\lib\ext\nashorn.jar;C:\Program Files\Java\jdk1.8.0_65\jre\lib\ext\sunec.jar;C:\Program Files\Java\jdk1.8.0_65\jre\lib\ext\sunjce_provider.jar;C:\Program Files\Java\jdk1.8.0_65\jre\lib\ext\sunmscapi.jar;C:\Program Files\Java\jdk1.8.0_65\jre\lib\ext\sunpkcs11.jar;C:\Program Files\Java\jdk1.8.0_65\jre\lib\ext\zipfs.jar;C:\Program Files\Java\jdk1.8.0_65\jre\lib\javaws.jar;C:\Program Files\Java\jdk1.8.0_65\jre\lib\jce.jar;C:\Program Files\Java\jdk1.8.0_65\jre\lib\jfr.jar;C:\Program Files\Java\jdk1.8.0_65\jre\lib\jfxswt.jar;C:\Program Files\Java\jdk1.8.0_65\jre\lib\jsse.jar;C:\Program Files\Java\jdk1.8.0_65\jre\lib\management-agent.jar;C:\Program Files\Java\jdk1.8.0_65\jre\lib\plugin.jar;C:\Program Files\Java\jdk1.8.0_65\jre\lib\resources.jar;C:\Program Files\Java\jdk1.8.0_65\jre\lib\rt.jar;C:\Users\uartan\Documents\JAVA\workspaceIDEA\sock\target\classes;C:\Users\uartan\.m2\repository\org\springframework\boot\spring-boot-starter\1.3.1.RELEASE\spring-boot-starter-1.3.1.RELEASE.jar;C:\Users\uartan\.m2\repository\org\springframework\boot\spring-boot\1.3.1.RELEASE\spring-boot-1.3.1.RELEASE.jar;C:\Users\uartan\.m2\repository\org\springframework\boot\spring-boot-autoconfigure\1.3.1.RELEASE\spring-boot-autoconfigure-1.3.1.RELEASE.jar;C:\Users\uartan\.m2\repository\org\springframework\boot\spring-boot-starter-logging\1.3.1.RELEASE\spring-boot-starter-logging-1.3.1.RELEASE.jar;C:\Users\uartan\.m2\repository\ch\qos\logback\logback-classic\1.1.3\logback-classic
Launcher Type: SUN_STANDARD

Environment Variables:
JAVA_HOME=C:\Program Files\Java\jdk1.8.0_65
PATH=C:\ProgramData\Oracle\Java\javapath;C:\Windows\system32;C:\Windows;C:\Windows\System32\Wbem;C:\Windows\System32\WindowsPowerShell\v1.0\;C:\Program Files (x86)\Skype\Phone\;C:\Users\uartan\Documents\JAVA\apache-maven-3.3.3\bin;C:\ProgramData\Oracle\Java\javapath;C:\Windows\system32;C:\Windows;C:\Windows\System32\Wbem;C:\Windows\System32\WindowsPowerShell\v1.0\;C:\Program Files (x86)\Skype\Phone\;C:\Users\uartan\Documents\JAVA\apache-maven-3.3.3\bin
USERNAME=uartan
OS=Windows_NT
PROCESSOR_IDENTIFIER=Intel64 Family 6 Model 42 Stepping 7, GenuineIntel



---------------  S Y S T E M  ---------------

OS: Windows 10.0 , 64 bit Build 10586 (10.0.10586.0)

CPU:total 4 (2 cores per cpu, 2 threads per core) family 6 model 42 stepping 7, cmov, cx8, fxsr, mmx, sse, sse2, sse3, ssse3, sse4.1, sse4.2, popcnt, avx, aes, clmul, ht, tsc, tscinvbit

Memory: 4k page, physical 8298256k(3641616k free), swap 9608976k(3170120k free)

vm_info: Java HotSpot(TM) 64-Bit Server VM (25.65-b01) for windows-amd64 JRE (1.8.0_65-b17), built on Oct  6 2015 16:39:20 by "java_re" with MS VC++ 10.0 (VS2010)

time: Sun Jan 17 12:33:56 2016
elapsed time: 6 seconds (0d 0h 0m 6s)

